<?xml version="1.0" encoding="UTF-8"?>
<!-- Generated by org.testng.reporters.JUnitReportReporter -->
<testsuite hostname="LGDN13302-W7C01" name="api" tests="1" failures="0" timestamp="10 Jul 2015 07:02:21 GMT" time="48.350" errors="0">
  <testcase name="Test" time="48.350" classname="api"/>
</testsuite> <!-- api -->
