<?xml version="1.0" encoding="UTF-8"?>
<!-- Generated by org.testng.reporters.JUnitReportReporter -->
<testsuite hostname="VictorVo" name="api" tests="1" failures="0" timestamp="10 Jul 2015 17:31:00 GMT" time="62.156" errors="0">
  <testcase name="Test" time="62.156" classname="api"/>
</testsuite> <!-- api -->
