<?xml version="1.0" encoding="UTF-8"?>
<!-- Generated by org.testng.reporters.JUnitReportReporter -->
<testsuite hostname="VictorVo" name="api" tests="1" failures="0" timestamp="9 Jul 2015 16:44:21 GMT" time="32.660" errors="0">
  <testcase name="Test" time="32.660" classname="api"/>
</testsuite> <!-- api -->
